{
  "RSpec": {
    "coverage": {
      "/home/sergio/Escritorio/DSI/Rails_Proyect/app/helpers/application_helper.rb": [
        1,
        null,
        null,
        1,
        60,
        60,
        3,
        null,
        57,
        null,
        null,
        null,
        1,
        1,
        1,
        1,
        0,
        0,
        null,
        1,
        0,
        0,
        null,
        1,
        1,
        null,
        0,
        null,
        null,
        null,
        1,
        1,
        1,
        1,
        5,
        0,
        null,
        0,
        null,
        0,
        null,
        0,
        null,
        0,
        null,
        0,
        null,
        0,
        null,
        0,
        null,
        0,
        null,
        0,
        null,
        0,
        null,
        0,
        null,
        0,
        null,
        0,
        null,
        0,
        null,
        0,
        null,
        0,
        null,
        0,
        null,
        0,
        null,
        0,
        null,
        0,
        null,
        0,
        null,
        0,
        null,
        0,
        null,
        0,
        null,
        0,
        null,
        0,
        null,
        0,
        null,
        0,
        null,
        0,
        null,
        0,
        null,
        0,
        null,
        0,
        null,
        0,
        null,
        0,
        null,
        0,
        null,
        0,
        null,
        0,
        null,
        0,
        null,
        0,
        null,
        0,
        null,
        0,
        null,
        0,
        null,
        0,
        null,
        0,
        null,
        0,
        null,
        0,
        null,
        0,
        null,
        0,
        null,
        0,
        null,
        0,
        null,
        0,
        null,
        0,
        null,
        0,
        null,
        0,
        null,
        0,
        null,
        0,
        null,
        0,
        null,
        0,
        null,
        0,
        null,
        0,
        null,
        0,
        null,
        0,
        null,
        0,
        null,
        0,
        null,
        0,
        null,
        0,
        null,
        0,
        null,
        0,
        null,
        0,
        null,
        0,
        null,
        0,
        null,
        0,
        null,
        0,
        null,
        0,
        null,
        0,
        null,
        0,
        null,
        0,
        null,
        0,
        null,
        0,
        null,
        0,
        null,
        0,
        null,
        0,
        null,
        0,
        null,
        0,
        null,
        0,
        null,
        0,
        0,
        null,
        0,
        0,
        null,
        0,
        null,
        null,
        null,
        5,
        null,
        null,
        1,
        null,
        null,
        null,
        1,
        60,
        25,
        0,
        null,
        25,
        0,
        null,
        25,
        0,
        null,
        25,
        0,
        null,
        25,
        null,
        null,
        null,
        null,
        null,
        35,
        null,
        null,
        null,
        1,
        112,
        28,
        null,
        84,
        28,
        null,
        56,
        28,
        null,
        28,
        28,
        null,
        0,
        null,
        null,
        null,
        null,
        null,
        null,
        1,
        14,
        14,
        null,
        0,
        null,
        null,
        null,
        null
      ],
      "/home/sergio/Escritorio/DSI/Rails_Proyect/app/helpers/pages_helper.rb": [
        1,
        null
      ],
      "/home/sergio/Escritorio/DSI/Rails_Proyect/app/helpers/sessions_helper.rb": [
        1,
        null,
        1,
        45,
        45,
        null,
        1,
        47,
        null,
        1,
        343,
        null,
        1,
        142,
        null,
        1,
        2,
        2,
        null,
        1,
        17,
        null,
        1,
        17,
        null,
        null,
        1,
        11,
        11,
        null,
        null,
        1,
        12,
        12,
        null,
        null,
        1,
        1,
        113,
        null,
        null,
        1,
        113,
        null,
        1,
        11,
        null,
        null,
        1,
        12,
        null,
        null
      ],
      "/home/sergio/Escritorio/DSI/Rails_Proyect/app/helpers/users_helper.rb": [
        1,
        null,
        1,
        81,
        81,
        81,
        81,
        81,
        null,
        null,
        null,
        null,
        null
      ],
      "/home/sergio/Escritorio/DSI/Rails_Proyect/app/controllers/application_controller.rb": [
        1,
        1,
        1,
        null
      ],
      "/home/sergio/Escritorio/DSI/Rails_Proyect/app/controllers/microposts_controller.rb": [
        1,
        1,
        1,
        null,
        1,
        null,
        null,
        1,
        7,
        7,
        4,
        4,
        null,
        3,
        3,
        null,
        null,
        null,
        1,
        2,
        2,
        null,
        null,
        1,
        null,
        1,
        2,
        2,
        null,
        null
      ],
      "/home/sergio/Escritorio/DSI/Rails_Proyect/app/controllers/pages_controller.rb": [
        1,
        1,
        10,
        10,
        5,
        5,
        null,
        null,
        null,
        1,
        1,
        null,
        null,
        1,
        1,
        null,
        1,
        1,
        null,
        1,
        0,
        0,
        0,
        null,
        0,
        null,
        0,
        0,
        null,
        null,
        0,
        0,
        0,
        null,
        0,
        0,
        null,
        null,
        null,
        0,
        null,
        null,
        null,
        1,
        0,
        null,
        null,
        null
      ],
      "/home/sergio/Escritorio/DSI/Rails_Proyect/app/controllers/relationships_controller.rb": [
        1,
        1,
        null,
        1,
        2,
        2,
        2,
        3,
        2,
        null,
        null,
        null,
        1,
        2,
        2,
        2,
        3,
        2,
        null,
        null,
        null
      ],
      "/home/sergio/Escritorio/DSI/Rails_Proyect/app/controllers/sessions_controller.rb": [
        1,
        null,
        1,
        9,
        null,
        null,
        1,
        14,
        null,
        14,
        4,
        4,
        4,
        null,
        10,
        10,
        null,
        null,
        null,
        1,
        2,
        2,
        null,
        null
      ],
      "/home/sergio/Escritorio/DSI/Rails_Proyect/app/controllers/users_controller.rb": [
        1,
        1,
        null,
        1,
        1,
        1,
        4,
        4,
        null,
        null,
        1,
        11,
        11,
        11,
        null,
        null,
        1,
        5,
        5,
        null,
        1,
        9,
        9,
        5,
        null,
        null,
        5,
        5,
        5,
        null,
        4,
        4,
        null,
        null,
        1,
        3,
        3,
        null,
        1,
        5,
        5,
        3,
        3,
        null,
        2,
        2,
        null,
        null,
        null,
        1,
        2,
        2,
        2,
        null,
        1,
        1,
        1,
        1,
        1,
        null,
        null,
        1,
        1,
        1,
        1,
        1,
        null,
        null,
        1,
        null,
        1,
        26,
        null,
        null,
        1,
        10,
        10,
        null,
        1,
        3,
        null,
        null
      ],
      "/home/sergio/Escritorio/DSI/Rails_Proyect/app/mailers/user_mailer.rb": [
        1,
        1,
        null,
        1,
        0,
        0,
        null,
        null,
        1,
        0,
        0,
        0,
        null,
        null,
        1,
        0,
        0,
        0,
        null,
        null,
        1,
        0,
        0,
        0,
        null,
        null,
        null
      ],
      "/home/sergio/Escritorio/DSI/Rails_Proyect/app/models/micropost.rb": [
        1,
        1,
        null,
        1,
        null,
        1,
        1,
        null,
        1,
        null,
        null,
        12,
        null,
        1,
        null,
        null,
        null,
        1,
        11,
        null,
        11,
        null,
        null,
        null
      ],
      "/home/sergio/Escritorio/DSI/Rails_Proyect/app/models/relationship.rb": [
        1,
        1,
        null,
        1,
        1,
        null,
        1,
        1,
        null
      ],
      "/home/sergio/Escritorio/DSI/Rails_Proyect/app/models/user.rb": [
        1,
        1,
        1,
        null,
        1,
        1,
        null,
        1,
        1,
        null,
        null,
        1,
        null,
        1,
        null,
        1,
        null,
        null,
        1,
        null,
        1,
        null,
        null,
        1,
        1,
        1,
        null,
        1,
        283,
        null,
        null,
        1,
        17,
        17,
        12,
        null,
        null,
        1,
        0,
        0,
        null,
        null,
        1,
        113,
        113,
        null,
        1,
        2,
        null,
        null,
        1,
        14,
        null,
        null,
        14,
        null,
        null,
        1,
        3,
        null,
        null,
        3,
        null,
        1,
        8,
        null,
        null,
        1,
        1,
        269,
        269,
        null,
        null,
        1,
        552,
        null,
        null,
        1,
        268,
        null,
        null,
        1,
        820,
        null,
        null
      ]
    },
    "timestamp": 1339261827
  }
}
