{
  "RSpec": {
    "coverage": {
      "/home/urisan23/Escritorio/rails_projects/Rails_Proyect/app/models/micropost.rb": [
        1,
        1,
        null,
        1,
        null,
        1,
        1,
        null,
        1,
        null,
        null,
        220,
        null,
        1,
        null,
        null,
        null,
        1,
        219,
        null,
        219,
        null,
        null,
        null
      ],
      "/home/urisan23/Escritorio/rails_projects/Rails_Proyect/app/models/relationship.rb": [
        1,
        1,
        null,
        1,
        1,
        null,
        1,
        1,
        null
      ],
      "/home/urisan23/Escritorio/rails_projects/Rails_Proyect/app/models/user.rb": [
        1,
        1,
        1,
        null,
        1,
        1,
        null,
        1,
        1,
        null,
        null,
        1,
        null,
        1,
        null,
        1,
        null,
        null,
        1,
        null,
        1,
        null,
        null,
        1,
        1,
        1,
        null,
        1,
        284,
        null,
        null,
        1,
        17,
        17,
        12,
        null,
        null,
        1,
        1,
        1,
        null,
        null,
        1,
        435,
        435,
        null,
        1,
        2,
        null,
        null,
        1,
        14,
        14,
        null,
        14,
        null,
        null,
        1,
        3,
        3,
        null,
        3,
        null,
        1,
        216,
        null,
        null,
        1,
        1,
        270,
        270,
        null,
        null,
        1,
        554,
        null,
        null,
        1,
        269,
        null,
        null,
        1,
        823,
        null,
        null
      ],
      "/home/urisan23/Escritorio/rails_projects/Rails_Proyect/app/controllers/application_controller.rb": [
        1,
        1,
        1,
        null
      ],
      "/home/urisan23/Escritorio/rails_projects/Rails_Proyect/app/helpers/application_helper.rb": [
        1,
        null,
        null,
        1,
        273,
        273,
        3,
        null,
        270,
        null,
        null,
        null,
        1,
        2014,
        2014,
        21,
        21,
        null,
        2014,
        1993,
        null,
        21,
        null,
        null,
        null,
        1,
        2040,
        2040,
        2040,
        60,
        60,
        null,
        2040,
        60,
        60,
        null,
        2040,
        1980,
        null,
        60,
        null,
        null,
        null,
        1,
        2000,
        2000,
        2000,
        2000,
        88,
        1912,
        20,
        1892,
        20,
        1872,
        137,
        1735,
        51,
        1684,
        20,
        1664,
        20,
        1644,
        20,
        1624,
        99,
        1525,
        0,
        1525,
        20,
        1505,
        20,
        1485,
        0,
        1485,
        20,
        1465,
        0,
        1465,
        0,
        1465,
        20,
        1445,
        20,
        1425,
        20,
        1405,
        20,
        1385,
        20,
        1365,
        20,
        1345,
        20,
        1325,
        20,
        1305,
        20,
        1285,
        20,
        1265,
        20,
        1245,
        20,
        1225,
        20,
        1205,
        20,
        1185,
        20,
        1165,
        20,
        1145,
        0,
        1145,
        20,
        1125,
        20,
        1105,
        20,
        1085,
        20,
        1065,
        20,
        1045,
        20,
        1025,
        20,
        1005,
        20,
        985,
        20,
        965,
        20,
        945,
        20,
        925,
        20,
        905,
        20,
        885,
        20,
        865,
        0,
        865,
        20,
        845,
        20,
        825,
        0,
        825,
        20,
        805,
        20,
        785,
        20,
        765,
        20,
        745,
        20,
        725,
        20,
        705,
        20,
        685,
        20,
        665,
        20,
        645,
        20,
        625,
        20,
        605,
        20,
        585,
        20,
        565,
        20,
        545,
        20,
        525,
        20,
        505,
        20,
        485,
        20,
        465,
        0,
        465,
        20,
        445,
        20,
        425,
        20,
        405,
        20,
        385,
        29,
        356,
        20,
        336,
        23,
        313,
        20,
        293,
        20,
        273,
        20,
        253,
        20,
        233,
        20,
        213,
        20,
        193,
        0,
        193,
        20,
        173,
        20,
        153,
        67,
        47,
        null,
        20,
        0,
        null,
        20,
        null,
        null,
        null,
        86,
        null,
        null,
        2000,
        null,
        null,
        null,
        1,
        273,
        233,
        0,
        null,
        233,
        0,
        null,
        233,
        0,
        null,
        233,
        0,
        null,
        233,
        null,
        null,
        null,
        null,
        null,
        40,
        null,
        null,
        null,
        1,
        112,
        28,
        null,
        84,
        28,
        null,
        56,
        28,
        null,
        28,
        28,
        null,
        0,
        null,
        null,
        null,
        null,
        null,
        null,
        1,
        14,
        14,
        null,
        0,
        null,
        null,
        null,
        null
      ],
      "/home/urisan23/Escritorio/rails_projects/Rails_Proyect/app/helpers/pages_helper.rb": [
        1,
        null
      ],
      "/home/urisan23/Escritorio/rails_projects/Rails_Proyect/app/helpers/sessions_helper.rb": [
        1,
        null,
        1,
        45,
        45,
        null,
        1,
        47,
        null,
        1,
        4224,
        null,
        1,
        875,
        null,
        1,
        2,
        2,
        null,
        1,
        2016,
        null,
        1,
        121,
        null,
        null,
        1,
        11,
        11,
        null,
        null,
        1,
        12,
        12,
        null,
        null,
        1,
        1,
        435,
        null,
        null,
        1,
        435,
        null,
        1,
        11,
        null,
        null,
        1,
        12,
        null,
        null
      ],
      "/home/urisan23/Escritorio/rails_projects/Rails_Proyect/app/helpers/users_helper.rb": [
        1,
        null,
        1,
        2288,
        2288,
        2288,
        2288,
        2288,
        null,
        null,
        null,
        null,
        null
      ],
      "/home/urisan23/Escritorio/rails_projects/Rails_Proyect/app/controllers/microposts_controller.rb": [
        1,
        1,
        1,
        null,
        1,
        null,
        null,
        1,
        111,
        111,
        108,
        108,
        null,
        3,
        3,
        null,
        null,
        null,
        1,
        2,
        2,
        null,
        null,
        1,
        null,
        1,
        2,
        2,
        null,
        null
      ],
      "/home/urisan23/Escritorio/rails_projects/Rails_Proyect/app/controllers/pages_controller.rb": [
        1,
        1,
        218,
        218,
        213,
        213,
        null,
        null,
        null,
        1,
        1,
        null,
        null,
        1,
        1,
        null,
        1,
        1,
        null,
        1,
        3,
        3,
        3,
        3,
        18,
        null,
        3,
        null,
        3,
        null,
        3,
        3,
        null,
        0,
        0,
        0,
        null,
        null,
        null,
        1,
        2,
        null,
        null,
        null
      ],
      "/home/urisan23/Escritorio/rails_projects/Rails_Proyect/app/controllers/relationships_controller.rb": [
        1,
        1,
        null,
        1,
        2,
        2,
        2,
        3,
        2,
        null,
        null,
        null,
        1,
        2,
        2,
        2,
        3,
        2,
        null,
        null,
        null
      ],
      "/home/urisan23/Escritorio/rails_projects/Rails_Proyect/app/controllers/sessions_controller.rb": [
        1,
        null,
        1,
        9,
        null,
        null,
        1,
        14,
        null,
        14,
        4,
        4,
        4,
        null,
        10,
        10,
        null,
        null,
        null,
        1,
        2,
        2,
        null,
        null
      ],
      "/home/urisan23/Escritorio/rails_projects/Rails_Proyect/app/controllers/users_controller.rb": [
        1,
        1,
        null,
        1,
        1,
        1,
        4,
        4,
        null,
        null,
        1,
        11,
        11,
        11,
        null,
        null,
        1,
        5,
        5,
        null,
        1,
        9,
        9,
        5,
        4,
        null,
        5,
        5,
        5,
        null,
        4,
        4,
        null,
        null,
        1,
        3,
        3,
        null,
        1,
        5,
        5,
        3,
        3,
        null,
        2,
        2,
        null,
        null,
        null,
        1,
        2,
        2,
        2,
        null,
        1,
        1,
        1,
        1,
        1,
        null,
        null,
        1,
        1,
        1,
        1,
        1,
        null,
        null,
        1,
        null,
        1,
        26,
        null,
        null,
        1,
        10,
        10,
        null,
        1,
        3,
        null,
        null
      ],
      "/home/urisan23/Escritorio/rails_projects/Rails_Proyect/app/mailers/user_mailer.rb": [
        1,
        1,
        null,
        1,
        4,
        4,
        null,
        null,
        1,
        14,
        14,
        14,
        null,
        null,
        1,
        3,
        3,
        3,
        null,
        null,
        1,
        1,
        1,
        1,
        null,
        null,
        null
      ]
    },
    "timestamp": 1339447913
  }
}
